Using pre-set license
Built from '2021.3/staging' branch; Version is '2021.3.37f1 (3b6005ad5ad6) revision 3891205'; Using compiler version '192829333'; Build Type 'Release'
OS: 'Windows 11  (10.0.22631) 64bit Professional' Language: 'en' Physical Memory: 16068 MB
BatchMode: 1, IsHumanControllingUs: 0, StartBugReporterOnCrash: 0, Is64bit: 1, IsPro: 1

COMMAND LINE ARGUMENTS:
C:\Program Files\Unity\Hub\Editor\2021.3.37f1\Editor\Unity.exe
-adb2
-batchMode
-noUpm
-name
AssetImportWorker4
-projectPath
C:/Users/nikik/Documents/GitHub/Ros2RhinoUnity/Ros2RhinoUnity
-logFile
Logs/AssetImportWorker4.log
-srvPort
59210
Successfully changed project path to: C:/Users/nikik/Documents/GitHub/Ros2RhinoUnity/Ros2RhinoUnity
C:/Users/nikik/Documents/GitHub/Ros2RhinoUnity/Ros2RhinoUnity
[UnityMemory] Configuration Parameters - Can be set up in boot.config
    "memorysetup-bucket-allocator-granularity=16"
    "memorysetup-bucket-allocator-bucket-count=8"
    "memorysetup-bucket-allocator-block-size=33554432"
    "memorysetup-bucket-allocator-block-count=8"
    "memorysetup-main-allocator-block-size=16777216"
    "memorysetup-thread-allocator-block-size=16777216"
    "memorysetup-gfx-main-allocator-block-size=16777216"
    "memorysetup-gfx-thread-allocator-block-size=16777216"
    "memorysetup-cache-allocator-block-size=4194304"
    "memorysetup-typetree-allocator-block-size=2097152"
    "memorysetup-profiler-bucket-allocator-granularity=16"
    "memorysetup-profiler-bucket-allocator-bucket-count=8"
    "memorysetup-profiler-bucket-allocator-block-size=33554432"
    "memorysetup-profiler-bucket-allocator-block-count=8"
    "memorysetup-profiler-allocator-block-size=16777216"
    "memorysetup-profiler-editor-allocator-block-size=1048576"
    "memorysetup-temp-allocator-size-main=16777216"
    "memorysetup-job-temp-allocator-block-size=2097152"
    "memorysetup-job-temp-allocator-block-size-background=1048576"
    "memorysetup-job-temp-allocator-reduction-small-platforms=262144"
    "memorysetup-temp-allocator-size-background-worker=32768"
    "memorysetup-temp-allocator-size-job-worker=262144"
    "memorysetup-temp-allocator-size-preload-manager=33554432"
    "memorysetup-temp-allocator-size-nav-mesh-worker=65536"
    "memorysetup-temp-allocator-size-audio-worker=65536"
    "memorysetup-temp-allocator-size-cloud-worker=32768"
    "memorysetup-temp-allocator-size-gi-baking-worker=262144"
    "memorysetup-temp-allocator-size-gfx=262144"
Player connection [18088] Host "[IP] 192.168.56.1 [Port] 0 [Flags] 2 [Guid] 6683442 [EditorId] 6683442 [Version] 1048832 [Id] WindowsEditor(7,DESKTOP-8KHBJ25) [Debug] 1 [PackageName] WindowsEditor [ProjectName] Editor" joined multi-casting on [225.0.0.222:54997]...

Player connection [18088] Host "[IP] 192.168.56.1 [Port] 0 [Flags] 2 [Guid] 6683442 [EditorId] 6683442 [Version] 1048832 [Id] WindowsEditor(7,DESKTOP-8KHBJ25) [Debug] 1 [PackageName] WindowsEditor [ProjectName] Editor" joined alternative multi-casting on [225.0.0.222:34997]...

[Physics::Module] Initialized MultithreadedJobDispatcher with {0} workers.
Refreshing native plugins compatible for Editor in 40.62 ms, found 5 plugins.
Preloading 0 native plugins for Editor in 0.00 ms.
Initialize engine version: 2021.3.37f1 (3b6005ad5ad6)
[Subsystems] Discovering subsystems at path C:/Program Files/Unity/Hub/Editor/2021.3.37f1/Editor/Data/Resources/UnitySubsystems
[Subsystems] Discovering subsystems at path C:/Users/nikik/Documents/GitHub/Ros2RhinoUnity/Ros2RhinoUnity/Assets
GfxDevice: creating device client; threaded=0; jobified=0
Direct3D:
    Version:  Direct3D 11.0 [level 11.1]
    Renderer: NVIDIA GeForce RTX 4050 Laptop GPU (ID=0x28e1)
    Vendor:   NVIDIA
    VRAM:     5921 MB
    Driver:   31.0.15.5212
Initialize mono
Mono path[0] = 'C:/Program Files/Unity/Hub/Editor/2021.3.37f1/Editor/Data/Managed'
Mono path[1] = 'C:/Program Files/Unity/Hub/Editor/2021.3.37f1/Editor/Data/MonoBleedingEdge/lib/mono/unityjit-win32'
Mono config path = 'C:/Program Files/Unity/Hub/Editor/2021.3.37f1/Editor/Data/MonoBleedingEdge/etc'
Using monoOptions --debugger-agent=transport=dt_socket,embedding=1,server=y,suspend=n,address=127.0.0.1:56724
Begin MonoManager ReloadAssembly
Registering precompiled unity dll's ...
Register platform support module: C:/Program Files/Unity/Hub/Editor/2021.3.37f1/Editor/Data/PlaybackEngines/WindowsStandaloneSupport/UnityEditor.WindowsStandalone.Extensions.dll
Register platform support module: C:/Program Files/Unity/Hub/Editor/2021.3.37f1/Editor/Data/PlaybackEngines/MetroSupport/UnityEditor.UWP.Extensions.dll
Registered in 0.003661 seconds.
Native extension for UWP target not found
Native extension for WindowsStandalone target not found
Refreshing native plugins compatible for Editor in 31.21 ms, found 5 plugins.
Preloading 0 native plugins for Editor in 0.00 ms.
Mono: successfully reloaded assembly
- Completed reload, in  0.470 seconds
Domain Reload Profiling:
	ReloadAssembly (470ms)
		BeginReloadAssembly (68ms)
			ExecutionOrderSort (0ms)
			DisableScriptedObjects (0ms)
			BackupInstance (0ms)
			ReleaseScriptingObjects (0ms)
			CreateAndSetChildDomain (1ms)
		EndReloadAssembly (332ms)
			LoadAssemblies (67ms)
			RebuildTransferFunctionScriptingTraits (0ms)
			SetupTypeCache (83ms)
			ReleaseScriptCaches (0ms)
			RebuildScriptCaches (20ms)
			SetupLoadedEditorAssemblies (200ms)
				LogAssemblyErrors (0ms)
				InitializePlatformSupportModulesInManaged (6ms)
				SetLoadedEditorAssemblies (0ms)
				RefreshPlugins (31ms)
				BeforeProcessingInitializeOnLoad (1ms)
				ProcessInitializeOnLoadAttributes (114ms)
				ProcessInitializeOnLoadMethodAttributes (47ms)
				AfterProcessingInitializeOnLoad (0ms)
				EditorAssembliesLoaded (0ms)
			ExecutionOrderSort2 (0ms)
			AwakeInstancesAfterBackupRestoration (0ms)
Platform modules already initialized, skipping
Registering precompiled user dll's ...
Registered in 0.004368 seconds.
Begin MonoManager ReloadAssembly
Native extension for UWP target not found
Native extension for WindowsStandalone target not found
Refreshing native plugins compatible for Editor in 29.10 ms, found 5 plugins.
Preloading 0 native plugins for Editor in 0.00 ms.
Package Manager log level set to [2]
[Package Manager] Server::EnsureServerProcessIsRunning -- launch failed, reason: Unity was launched with the -noUpm command-line argument
[Package Manager] Cannot connect to Unity Package Manager local server
Mono: successfully reloaded assembly
- Completed reload, in  1.235 seconds
Domain Reload Profiling:
	ReloadAssembly (1236ms)
		BeginReloadAssembly (99ms)
			ExecutionOrderSort (0ms)
			DisableScriptedObjects (4ms)
			BackupInstance (0ms)
			ReleaseScriptingObjects (0ms)
			CreateAndSetChildDomain (16ms)
		EndReloadAssembly (1048ms)
			LoadAssemblies (121ms)
			RebuildTransferFunctionScriptingTraits (0ms)
			SetupTypeCache (218ms)
			ReleaseScriptCaches (0ms)
			RebuildScriptCaches (41ms)
			SetupLoadedEditorAssemblies (640ms)
				LogAssemblyErrors (0ms)
				InitializePlatformSupportModulesInManaged (4ms)
				SetLoadedEditorAssemblies (0ms)
				RefreshPlugins (29ms)
				BeforeProcessingInitializeOnLoad (85ms)
				ProcessInitializeOnLoadAttributes (490ms)
				ProcessInitializeOnLoadMethodAttributes (27ms)
				AfterProcessingInitializeOnLoad (4ms)
				EditorAssembliesLoaded (0ms)
			ExecutionOrderSort2 (0ms)
			AwakeInstancesAfterBackupRestoration (5ms)
Platform modules already initialized, skipping
========================================================================
Worker process is ready to serve import requests
Launched and connected shader compiler UnityShaderCompiler.exe after 0.06 seconds
Refreshing native plugins compatible for Editor in 0.70 ms, found 5 plugins.
Preloading 0 native plugins for Editor in 0.00 ms.
Unloading 2490 Unused Serialized files (Serialized files now loaded: 0)
Unloading 69 unused Assets / (22.7 MB). Loaded Objects now: 2907.
Memory consumption went from 157.1 MB to 134.4 MB.
Total: 8.010900 ms (FindLiveObjects: 0.208600 ms CreateObjectMapping: 0.205400 ms MarkObjects: 3.276700 ms  DeleteObjects: 4.319100 ms)

AssetImportParameters requested are different than current active one (requested -> active):
  custom:video-decoder-ogg-theora: a1e56fd34408186e4bbccfd4996cb3dc -> 
  custom:container-muxer-webm: aa71ff27fc2769a1b78a27578f13a17b -> 
  custom:container-demuxer-webm: 4f35f7cbe854078d1ac9338744f61a02 -> 
  custom:video-encoder-webm-vp8: eb34c28f22e8b96e1ab97ce403110664 -> 
  custom:video-codec-MediaFoundation-h265: 746d11721c4dcdbdad8f713fa42b33f4 -> 
  custom:CustomObjectIndexerAttribute: bc11b3a6c3213fcdd17b65e7da85e133 -> 
  custom:audio-encoder-webm-vorbis: bf7c407c2cedff20999df2af8eb42d56 -> 
  custom:framework-win-MediaFoundation: 216162199b28c13a410421893ffa2e32 -> 
  custom:SearchIndexIgnoredProperties: e643bd26f0fe6173181afceb89e7c659 -> 
  custom:container-demuxer-ogg: 62fdf1f143b41e24485cea50d1cbac27 -> 
  custom:video-decoder-webm-vp8: 9c59270c3fd7afecdb556c50c9e8de78 -> 
  custom:audio-decoder-ogg-vorbis: bf7c407c2cedff20999df2af8eb42d56 -> 
========================================================================
Received Import Request.
  Time since last request: 141734.147043 seconds.
  path: Packages/com.unity.barracuda/Barracuda/Runtime/Core/Resources/Barracuda/MatMul.compute
  artifactKey: Guid(1892719d60b907b4eb8befb172f72544) Importer(815301076,1909f56bfc062723c751e8b465ee728b)
Number of updated assets reloaded before import = 0
Start importing Packages/com.unity.barracuda/Barracuda/Runtime/Core/Resources/Barracuda/MatMul.compute using Guid(1892719d60b907b4eb8befb172f72544) Importer(815301076,1909f56bfc062723c751e8b465ee728b)  -> (artifact id: '547174021ab33337140ea891fd6aa2b7') in 0.110989 seconds 
Number of asset objects unloaded after import = 1
========================================================================
Received Import Request.
  Time since last request: 0.000031 seconds.
  path: Packages/com.unity.barracuda/Barracuda/Runtime/Core/Resources/Barracuda/ActivationB.compute
  artifactKey: Guid(110f1fc1578364452982dd20f246f765) Importer(815301076,1909f56bfc062723c751e8b465ee728b)
Number of updated assets reloaded before import = 0
Start importing Packages/com.unity.barracuda/Barracuda/Runtime/Core/Resources/Barracuda/ActivationB.compute using Guid(110f1fc1578364452982dd20f246f765) Importer(815301076,1909f56bfc062723c751e8b465ee728b)  -> (artifact id: '6eb57f462093487f35bf23dbb60329af') in 0.016899 seconds 
Number of asset objects unloaded after import = 1
========================================================================
Received Import Request.
  Time since last request: 0.000024 seconds.
  path: Packages/com.unity.barracuda/Barracuda/Runtime/Core/Resources/Barracuda/Random.cginc
  artifactKey: Guid(5a17e0b3943a74564a02a8ed0a41228b) Importer(815301076,1909f56bfc062723c751e8b465ee728b)
Number of updated assets reloaded before import = 0
Start importing Packages/com.unity.barracuda/Barracuda/Runtime/Core/Resources/Barracuda/Random.cginc using Guid(5a17e0b3943a74564a02a8ed0a41228b) Importer(815301076,1909f56bfc062723c751e8b465ee728b)  -> (artifact id: '70fd6641dceb04df7ff21ea89902b680') in 0.012047 seconds 
Number of asset objects unloaded after import = 1
========================================================================
Received Import Request.
  Time since last request: 0.000017 seconds.
  path: Packages/com.unity.barracuda/Barracuda/Runtime/Core/Resources/Barracuda/Conv2dMobile.compute
  artifactKey: Guid(37f7d6dfde4c7c141ae5b12a1bf7b18d) Importer(815301076,1909f56bfc062723c751e8b465ee728b)
Number of updated assets reloaded before import = 0
Start importing Packages/com.unity.barracuda/Barracuda/Runtime/Core/Resources/Barracuda/Conv2dMobile.compute using Guid(37f7d6dfde4c7c141ae5b12a1bf7b18d) Importer(815301076,1909f56bfc062723c751e8b465ee728b)  -> (artifact id: 'b0bd151fd2f86b3906ebc63dfa72cb00') in 0.011939 seconds 
Number of asset objects unloaded after import = 1
========================================================================
Received Import Request.
  Time since last request: 0.000017 seconds.
  path: Packages/com.unity.barracuda/Barracuda/Runtime/Core/Resources/Barracuda/Conv2dA_NHWC.compute
  artifactKey: Guid(60d69d385fb8141349f401ede7d4d5c7) Importer(815301076,1909f56bfc062723c751e8b465ee728b)
Number of updated assets reloaded before import = 0
Start importing Packages/com.unity.barracuda/Barracuda/Runtime/Core/Resources/Barracuda/Conv2dA_NHWC.compute using Guid(60d69d385fb8141349f401ede7d4d5c7) Importer(815301076,1909f56bfc062723c751e8b465ee728b)  -> (artifact id: '329e398019eb3c47f2b83a8158598962') in 0.011475 seconds 
Number of asset objects unloaded after import = 1
========================================================================
Received Import Request.
  Time since last request: 0.000013 seconds.
  path: Packages/com.unity.barracuda/Barracuda/Runtime/Core/Resources/Barracuda/Pool_NHWC.compute
  artifactKey: Guid(f4ba73c7ac8774dfd9d39afed6f457b1) Importer(815301076,1909f56bfc062723c751e8b465ee728b)
Number of updated assets reloaded before import = 0
Start importing Packages/com.unity.barracuda/Barracuda/Runtime/Core/Resources/Barracuda/Pool_NHWC.compute using Guid(f4ba73c7ac8774dfd9d39afed6f457b1) Importer(815301076,1909f56bfc062723c751e8b465ee728b)  -> (artifact id: 'c8450c0c15c5d0851df73b8c6a164890') in 0.013085 seconds 
Number of asset objects unloaded after import = 1
========================================================================
Received Import Request.
  Time since last request: 0.000015 seconds.
  path: Packages/com.unity.barracuda/Barracuda/Runtime/Core/Resources/Barracuda/Pad.compute
  artifactKey: Guid(cf52068b3397856488e3ec8c94fa02ef) Importer(815301076,1909f56bfc062723c751e8b465ee728b)
Number of updated assets reloaded before import = 0
Start importing Packages/com.unity.barracuda/Barracuda/Runtime/Core/Resources/Barracuda/Pad.compute using Guid(cf52068b3397856488e3ec8c94fa02ef) Importer(815301076,1909f56bfc062723c751e8b465ee728b)  -> (artifact id: '44bd56a9c6d838aa4cbd013e5c3b572e') in 0.013842 seconds 
Number of asset objects unloaded after import = 1
========================================================================
Received Import Request.
  Time since last request: 2.441737 seconds.
  path: Packages/com.unity.ml-agents.extensions/package.json
  artifactKey: Guid(a12a065df9b6f44d0b9a8e85d08d1cef) Importer(815301076,1909f56bfc062723c751e8b465ee728b)
Number of updated assets reloaded before import = 0
Start importing Packages/com.unity.ml-agents.extensions/package.json using Guid(a12a065df9b6f44d0b9a8e85d08d1cef) Importer(815301076,1909f56bfc062723c751e8b465ee728b)  -> (artifact id: '65fc56ea353ee5b3a0c1047c39f49635') in 0.018390 seconds 
Number of asset objects unloaded after import = 1
========================================================================
Received Import Request.
  Time since last request: 3.399991 seconds.
  path: Packages/com.unity.ml-agents.extensions/Editor/Unity.ML-Agents.Extensions.Editor.asmdef
  artifactKey: Guid(eec81f5d1363e46538604927f0b9199c) Importer(815301076,1909f56bfc062723c751e8b465ee728b)
Number of updated assets reloaded before import = 0
Start importing Packages/com.unity.ml-agents.extensions/Editor/Unity.ML-Agents.Extensions.Editor.asmdef using Guid(eec81f5d1363e46538604927f0b9199c) Importer(815301076,1909f56bfc062723c751e8b465ee728b)  -> (artifact id: '6f96a71ce3f92c6a134290b3e5f65bc8') in 0.015271 seconds 
Number of asset objects unloaded after import = 0
========================================================================
Received Import Request.
  Time since last request: 12.881386 seconds.
  path: Packages/com.unity.ml-agents.extensions/Tests
  artifactKey: Guid(8b9992bc4a2804deda293d0d28bbf5e0) Importer(815301076,1909f56bfc062723c751e8b465ee728b)
Number of updated assets reloaded before import = 0
Start importing Packages/com.unity.ml-agents.extensions/Tests using Guid(8b9992bc4a2804deda293d0d28bbf5e0) Importer(815301076,1909f56bfc062723c751e8b465ee728b)  -> (artifact id: '86a25d92e3f299ba9c808d8e7e9a8698') in 0.013972 seconds 
Number of asset objects unloaded after import = 0
========================================================================
Received Import Request.
  Time since last request: 2.035091 seconds.
  path: Packages/com.unity.ml-agents.extensions/Runtime
  artifactKey: Guid(35f52f986759c491cb377b1f3841c566) Importer(815301076,1909f56bfc062723c751e8b465ee728b)
Number of updated assets reloaded before import = 0
Start importing Packages/com.unity.ml-agents.extensions/Runtime using Guid(35f52f986759c491cb377b1f3841c566) Importer(815301076,1909f56bfc062723c751e8b465ee728b)  -> (artifact id: '97bb1bdf81d7e92945753413741d8661') in 0.013935 seconds 
Number of asset objects unloaded after import = 0
========================================================================
Received Import Request.
  Time since last request: 0.084047 seconds.
  path: Packages/com.unity.ml-agents.extensions/Runtime/Unity.ML-Agents.Extensions.asmdef
  artifactKey: Guid(0234213bbb9574f66bb4d93920cc6bb7) Importer(815301076,1909f56bfc062723c751e8b465ee728b)
Number of updated assets reloaded before import = 0
Start importing Packages/com.unity.ml-agents.extensions/Runtime/Unity.ML-Agents.Extensions.asmdef using Guid(0234213bbb9574f66bb4d93920cc6bb7) Importer(815301076,1909f56bfc062723c751e8b465ee728b)  -> (artifact id: '1e2ec209f03e0d418e8175204a1e6764') in 0.014674 seconds 
Number of asset objects unloaded after import = 0
========================================================================
Received Import Request.
  Time since last request: 1.051714 seconds.
  path: Packages/com.unity.ml-agents.extensions/Runtime/AssemblyInfo.cs
  artifactKey: Guid(48c8790647c3345e19c57d6c21065112) Importer(815301076,1909f56bfc062723c751e8b465ee728b)
Number of updated assets reloaded before import = 0
Start importing Packages/com.unity.ml-agents.extensions/Runtime/AssemblyInfo.cs using Guid(48c8790647c3345e19c57d6c21065112) Importer(815301076,1909f56bfc062723c751e8b465ee728b)  -> (artifact id: '213350c4cdf310d84b440ad6dcf959af') in 0.019727 seconds 
Number of asset objects unloaded after import = 0
